TN:
SF:src\app.ts
FNF:0
FNH:0
DA:1,1
DA:2,1
DA:3,1
DA:4,1
DA:5,1
DA:6,1
DA:7,1
DA:8,1
DA:9,1
DA:10,1
DA:11,1
DA:12,1
DA:13,1
DA:14,1
DA:15,1
LF:15
LH:15
BRF:0
BRH:0
end_of_record
TN:
SF:src\data-source.ts
FNF:0
FNH:0
DA:1,1
DA:2,1
DA:3,1
DA:4,1
DA:5,1
DA:6,1
DA:7,1
DA:8,1
DA:9,1
DA:10,1
DA:11,1
DA:12,1
DA:13,1
DA:14,1
DA:15,1
DA:16,1
DA:17,0
DA:18,0
DA:19,0
DA:20,0
DA:21,0
DA:22,0
DA:23,0
DA:24,0
DA:25,0
DA:26,0
DA:27,0
DA:28,0
DA:29,1
DA:30,1
DA:31,1
LF:31
LH:19
BRDA:16,0,0,0
BRF:1
BRH:0
end_of_record
TN:
SF:src\server.ts
FN:1,(empty-report)
FNF:1
FNH:0
FNDA:0,(empty-report)
DA:1,0
DA:2,0
DA:3,0
DA:4,0
DA:5,0
DA:6,0
DA:7,0
DA:8,0
DA:9,0
DA:10,0
DA:11,0
DA:12,0
LF:12
LH:0
BRDA:1,0,0,0
BRF:1
BRH:0
end_of_record
TN:
SF:src\controllers\cards\blockedCard.controller.ts
FN:6,blockedCardController
FNF:1
FNH:1
FNDA:4,blockedCardController
DA:1,1
DA:2,1
DA:3,1
DA:4,1
DA:5,1
DA:6,1
DA:7,4
DA:8,4
DA:9,4
DA:10,4
DA:11,4
DA:12,4
DA:13,4
DA:14,4
DA:15,4
DA:16,4
DA:17,0
DA:18,0
DA:19,0
DA:20,0
DA:21,0
DA:22,0
DA:23,4
DA:24,1
DA:25,1
LF:25
LH:19
BRDA:6,0,0,4
BRDA:6,1,0,4
BRDA:16,2,0,0
BRF:3
BRH:2
end_of_record
TN:
SF:src\controllers\cards\createCard.controller.ts
FN:7,createCardController
FNF:1
FNH:1
FNDA:7,createCardController
DA:1,1
DA:2,1
DA:3,1
DA:4,1
DA:5,1
DA:6,1
DA:7,1
DA:8,7
DA:9,7
DA:10,7
DA:11,7
DA:12,7
DA:13,7
DA:14,7
DA:15,7
DA:16,7
DA:17,7
DA:18,0
DA:19,0
DA:20,0
DA:21,0
DA:22,0
DA:23,0
DA:24,7
DA:25,1
DA:26,1
LF:26
LH:20
BRDA:7,0,0,7
BRDA:7,1,0,7
BRDA:17,2,0,0
BRF:3
BRH:2
end_of_record
TN:
SF:src\controllers\cards\unlockCard.controller.ts
FN:6,unlockCardController
FNF:1
FNH:1
FNDA:1,unlockCardController
DA:1,1
DA:2,1
DA:3,1
DA:4,1
DA:5,1
DA:6,1
DA:7,1
DA:8,1
DA:9,1
DA:10,1
DA:11,1
DA:12,1
DA:13,1
DA:14,1
DA:15,1
DA:16,1
DA:17,0
DA:18,0
DA:19,0
DA:20,0
DA:21,0
DA:22,0
DA:23,1
DA:24,1
DA:25,1
LF:25
LH:19
BRDA:6,0,0,1
BRDA:6,1,0,1
BRDA:16,2,0,0
BRF:3
BRH:2
end_of_record
TN:
SF:src\controllers\cards\viewCard.controller.ts
FN:6,viewCardController
FNF:1
FNH:1
FNDA:1,viewCardController
DA:1,1
DA:2,1
DA:3,1
DA:4,1
DA:5,1
DA:6,1
DA:7,1
DA:8,1
DA:9,1
DA:10,1
DA:11,1
DA:12,1
DA:13,1
DA:14,1
DA:15,1
DA:16,1
DA:17,0
DA:18,0
DA:19,0
DA:20,0
DA:21,0
DA:22,0
DA:23,1
DA:24,1
DA:25,1
LF:25
LH:19
BRDA:6,0,0,1
BRDA:6,1,0,1
BRDA:16,2,0,0
BRF:3
BRH:2
end_of_record
TN:
SF:src\controllers\plans\createPlan.controller.ts
FN:7,createPlanController
FNF:1
FNH:1
FNDA:1,createPlanController
DA:1,1
DA:2,1
DA:3,1
DA:4,1
DA:5,1
DA:6,1
DA:7,1
DA:8,1
DA:9,1
DA:10,1
DA:11,1
DA:12,1
DA:13,1
DA:14,1
DA:15,1
DA:16,1
DA:17,1
DA:18,0
DA:19,0
DA:20,0
DA:21,0
DA:22,0
DA:23,0
DA:24,1
DA:25,1
DA:26,1
LF:26
LH:20
BRDA:7,0,0,1
BRDA:7,1,0,1
BRDA:17,2,0,0
BRF:3
BRH:2
end_of_record
TN:
SF:src\controllers\products\createProduct.controller.ts
FN:7,createProductController
FNF:1
FNH:1
FNDA:3,createProductController
DA:1,1
DA:2,1
DA:3,1
DA:4,1
DA:5,1
DA:6,1
DA:7,1
DA:8,3
DA:9,3
DA:10,3
DA:11,3
DA:12,3
DA:13,3
DA:14,3
DA:15,3
DA:16,3
DA:17,3
DA:18,0
DA:19,0
DA:20,0
DA:21,0
DA:22,0
DA:23,0
DA:24,3
DA:25,1
DA:26,1
LF:26
LH:20
BRDA:7,0,0,3
BRDA:7,1,0,3
BRDA:17,2,0,0
BRF:3
BRH:2
end_of_record
TN:
SF:src\controllers\products\deleteProduct.controller.ts
FN:6,deleteProductController
FNF:1
FNH:1
FNDA:1,deleteProductController
DA:1,1
DA:2,1
DA:3,1
DA:4,1
DA:5,1
DA:6,1
DA:7,1
DA:8,1
DA:9,1
DA:10,1
DA:11,1
DA:12,1
DA:13,1
DA:14,1
DA:15,1
DA:16,1
DA:17,0
DA:18,0
DA:19,0
DA:20,0
DA:21,0
DA:22,0
DA:23,1
DA:24,1
DA:25,1
LF:25
LH:19
BRDA:6,0,0,1
BRDA:6,1,0,1
BRDA:16,2,0,0
BRF:3
BRH:2
end_of_record
TN:
SF:src\controllers\products\updateProduct.controller.ts
FN:7,updateProductController
FNF:1
FNH:1
FNDA:1,updateProductController
DA:1,1
DA:2,1
DA:3,1
DA:4,1
DA:5,1
DA:6,1
DA:7,1
DA:8,1
DA:9,1
DA:10,1
DA:11,1
DA:12,1
DA:13,1
DA:14,1
DA:15,1
DA:16,1
DA:17,1
DA:18,1
DA:19,1
DA:20,0
DA:21,0
DA:22,0
DA:23,0
DA:24,0
DA:25,0
DA:26,1
DA:27,1
DA:28,1
LF:28
LH:22
BRDA:7,0,0,1
BRDA:7,1,0,1
BRDA:19,2,0,0
BRF:3
BRH:2
end_of_record
TN:
SF:src\controllers\session\createSession.controller.ts
FN:7,createSessionController
FNF:1
FNH:1
FNDA:22,createSessionController
DA:1,1
DA:2,1
DA:3,1
DA:4,1
DA:5,1
DA:6,1
DA:7,1
DA:8,22
DA:9,22
DA:10,22
DA:11,22
DA:12,22
DA:13,22
DA:14,21
DA:15,21
DA:16,21
DA:17,21
DA:18,1
DA:19,1
DA:20,1
DA:21,1
DA:22,1
DA:23,1
DA:24,22
DA:25,1
DA:26,1
LF:26
LH:26
BRDA:7,0,0,22
BRDA:7,1,0,22
BRDA:14,2,0,21
BRDA:17,3,0,1
BRF:4
BRH:4
end_of_record
TN:
SF:src\controllers\users\activeUser.controller.ts
FN:6,activeUserController
FNF:1
FNH:1
FNDA:1,activeUserController
DA:1,1
DA:2,1
DA:3,1
DA:4,1
DA:5,1
DA:6,1
DA:7,1
DA:8,1
DA:9,1
DA:10,1
DA:11,1
DA:12,1
DA:13,1
DA:14,1
DA:15,1
DA:16,1
DA:17,0
DA:18,0
DA:19,0
DA:20,0
DA:21,0
DA:22,0
DA:23,1
DA:24,1
DA:25,1
LF:25
LH:19
BRDA:6,0,0,1
BRDA:6,1,0,1
BRDA:16,2,0,0
BRF:3
BRH:2
end_of_record
TN:
SF:src\controllers\users\createUser.controller.ts
FN:7,createUserController
FNF:1
FNH:1
FNDA:24,createUserController
DA:1,1
DA:2,1
DA:3,1
DA:4,1
DA:5,1
DA:6,1
DA:7,1
DA:8,24
DA:9,24
DA:10,24
DA:11,24
DA:12,24
DA:13,24
DA:14,17
DA:15,17
DA:16,17
DA:17,24
DA:18,7
DA:19,7
DA:20,7
DA:21,7
DA:22,7
DA:23,7
DA:24,24
DA:25,1
DA:26,1
LF:26
LH:26
BRDA:7,0,0,24
BRDA:7,1,0,24
BRDA:14,2,0,17
BRDA:17,3,0,7
BRF:4
BRH:4
end_of_record
TN:
SF:src\controllers\users\disableUser.controller.ts
FN:6,disableUserController
FNF:1
FNH:1
FNDA:4,disableUserController
DA:1,1
DA:2,1
DA:3,1
DA:4,1
DA:5,1
DA:6,1
DA:7,4
DA:8,4
DA:9,4
DA:10,4
DA:11,4
DA:12,4
DA:13,4
DA:14,4
DA:15,4
DA:16,4
DA:17,0
DA:18,0
DA:19,0
DA:20,0
DA:21,0
DA:22,0
DA:23,4
DA:24,1
DA:25,1
LF:25
LH:19
BRDA:6,0,0,4
BRDA:6,1,0,4
BRDA:16,2,0,0
BRF:3
BRH:2
end_of_record
TN:
SF:src\controllers\users\listUsers.controller.ts
FN:6,listUsersController
FNF:1
FNH:1
FNDA:1,listUsersController
DA:1,1
DA:2,1
DA:3,1
DA:4,1
DA:5,1
DA:6,1
DA:7,1
DA:8,1
DA:9,1
DA:10,1
DA:11,1
DA:12,1
DA:13,1
DA:14,1
DA:15,0
DA:16,0
DA:17,0
DA:18,0
DA:19,0
DA:20,0
DA:21,1
DA:22,1
DA:23,1
LF:23
LH:17
BRDA:6,0,0,1
BRDA:6,1,0,1
BRDA:14,2,0,0
BRF:3
BRH:2
end_of_record
TN:
SF:src\controllers\users\updateUser.controller.ts
FN:7,updateUserController
FNF:1
FNH:1
FNDA:1,updateUserController
DA:1,1
DA:2,1
DA:3,1
DA:4,1
DA:5,1
DA:6,1
DA:7,1
DA:8,1
DA:9,1
DA:10,1
DA:11,1
DA:12,1
DA:13,1
DA:14,1
DA:15,1
DA:16,1
DA:17,1
DA:18,1
DA:19,1
DA:20,0
DA:21,0
DA:22,0
DA:23,0
DA:24,0
DA:25,0
DA:26,1
DA:27,1
DA:28,1
LF:28
LH:22
BRDA:7,0,0,1
BRDA:7,1,0,1
BRDA:19,2,0,0
BRF:3
BRH:2
end_of_record
TN:
SF:src\controllers\users\viewUser.controller.ts
FN:6,viewUserController
FNF:1
FNH:1
FNDA:1,viewUserController
DA:1,1
DA:2,1
DA:3,1
DA:4,1
DA:5,1
DA:6,1
DA:7,1
DA:8,1
DA:9,1
DA:10,1
DA:11,1
DA:12,1
DA:13,1
DA:14,1
DA:15,1
DA:16,1
DA:17,0
DA:18,0
DA:19,0
DA:20,0
DA:21,0
DA:22,0
DA:23,1
DA:24,1
DA:25,1
LF:25
LH:19
BRDA:6,0,0,1
BRDA:6,1,0,1
BRDA:16,2,0,0
BRF:3
BRH:2
end_of_record
TN:
SF:src\entities\address\index.ts
FN:35,Address
FNF:1
FNH:1
FNDA:126,Address
DA:1,1
DA:2,1
DA:3,1
DA:4,1
DA:5,1
DA:6,1
DA:7,1
DA:8,1
DA:9,1
DA:10,1
DA:11,1
DA:12,1
DA:13,1
DA:14,1
DA:15,1
DA:16,1
DA:17,1
DA:18,1
DA:19,1
DA:20,1
DA:21,1
DA:22,1
DA:23,1
DA:24,1
DA:25,1
DA:26,1
DA:27,1
DA:28,1
DA:29,1
DA:30,1
DA:31,1
DA:32,1
DA:33,1
DA:34,1
DA:35,1
DA:36,126
DA:37,126
DA:38,126
DA:39,126
DA:40,126
DA:41,126
DA:42,1
DA:43,1
DA:44,1
LF:44
LH:44
BRDA:35,0,0,126
BRF:1
BRH:1
end_of_record
TN:
SF:src\entities\cards\index.ts
FN:33,Card
FNF:1
FNH:1
FNDA:113,Card
DA:1,1
DA:2,1
DA:3,1
DA:4,1
DA:5,1
DA:6,1
DA:7,1
DA:8,1
DA:9,1
DA:10,1
DA:11,1
DA:12,1
DA:13,1
DA:14,1
DA:15,1
DA:16,1
DA:17,1
DA:18,1
DA:19,1
DA:20,1
DA:21,1
DA:22,1
DA:23,1
DA:24,1
DA:25,1
DA:26,1
DA:27,1
DA:28,1
DA:29,1
DA:30,1
DA:31,1
DA:32,1
DA:33,1
DA:34,113
DA:35,113
DA:36,113
DA:37,113
DA:38,113
DA:39,113
DA:40,1
DA:41,1
DA:42,1
LF:42
LH:42
BRDA:33,0,0,113
BRDA:30,1,0,30
BRDA:30,2,0,30
BRF:3
BRH:3
end_of_record
TN:
SF:src\entities\plans\index.ts
FN:23,Plan
FNF:1
FNH:1
FNDA:84,Plan
DA:1,1
DA:2,1
DA:3,1
DA:4,1
DA:5,1
DA:6,1
DA:7,1
DA:8,1
DA:9,1
DA:10,1
DA:11,1
DA:12,1
DA:13,1
DA:14,1
DA:15,1
DA:16,1
DA:17,1
DA:18,1
DA:19,1
DA:20,1
DA:21,1
DA:22,1
DA:23,1
DA:24,84
DA:25,84
DA:26,84
DA:27,84
DA:28,84
DA:29,84
DA:30,1
DA:31,1
DA:32,1
LF:32
LH:32
BRDA:23,0,0,84
BRF:1
BRH:1
end_of_record
TN:
SF:src\entities\products\index.ts
FN:23,Product
FNF:1
FNH:1
FNDA:98,Product
DA:1,1
DA:2,1
DA:3,1
DA:4,1
DA:5,1
DA:6,1
DA:7,1
DA:8,1
DA:9,1
DA:10,1
DA:11,1
DA:12,1
DA:13,1
DA:14,1
DA:15,1
DA:16,1
DA:17,1
DA:18,1
DA:19,1
DA:20,1
DA:21,1
DA:22,1
DA:23,1
DA:24,98
DA:25,98
DA:26,98
DA:27,98
DA:28,98
DA:29,98
DA:30,1
DA:31,1
DA:32,1
LF:32
LH:32
BRDA:23,0,0,98
BRF:1
BRH:1
end_of_record
TN:
SF:src\entities\users\index.ts
FN:52,User
FN:29,Object.<anonymous>.__decorate.eager
FN:43,Object.<anonymous>.__decorate.eager
FN:46,Object.<anonymous>.__decorate.eager
FN:46,Object.<anonymous>.__decorate.eager
FN:49,Object.<anonymous>.__decorate.eager
FNF:6
FNH:6
FNDA:126,User
FNDA:30,Object.<anonymous>.__decorate.eager
FNDA:30,Object.<anonymous>.__decorate.eager
FNDA:30,Object.<anonymous>.__decorate.eager
FNDA:30,Object.<anonymous>.__decorate.eager
FNDA:30,Object.<anonymous>.__decorate.eager
DA:1,1
DA:2,1
DA:3,1
DA:4,1
DA:5,1
DA:6,1
DA:7,1
DA:8,1
DA:9,1
DA:10,1
DA:11,1
DA:12,1
DA:13,1
DA:14,1
DA:15,1
DA:16,1
DA:17,1
DA:18,1
DA:19,1
DA:20,1
DA:21,1
DA:22,1
DA:23,1
DA:24,1
DA:25,1
DA:26,1
DA:27,1
DA:28,1
DA:29,1
DA:30,1
DA:31,1
DA:32,1
DA:33,1
DA:34,1
DA:35,1
DA:36,1
DA:37,1
DA:38,1
DA:39,1
DA:40,1
DA:41,1
DA:42,1
DA:43,1
DA:44,1
DA:45,1
DA:46,1
DA:47,1
DA:48,1
DA:49,1
DA:50,1
DA:51,1
DA:52,1
DA:53,126
DA:54,126
DA:55,126
DA:56,126
DA:57,126
DA:58,126
DA:59,1
DA:60,1
DA:61,1
LF:61
LH:61
BRDA:52,0,0,126
BRDA:29,1,0,30
BRDA:43,2,0,30
BRDA:46,3,0,30
BRDA:46,4,0,30
BRDA:49,5,0,30
BRF:6
BRH:6
end_of_record
TN:
SF:src\errors\index.ts
FN:8,AppError
FN:16,handleError
FNF:2
FNH:2
FNDA:8,AppError
FNDA:8,handleError
DA:1,1
DA:2,1
DA:3,1
DA:4,1
DA:5,1
DA:6,1
DA:7,1
DA:8,1
DA:9,8
DA:10,8
DA:11,8
DA:12,8
DA:13,8
DA:14,1
DA:15,1
DA:16,1
DA:17,8
DA:18,8
DA:19,8
DA:20,8
DA:21,8
DA:22,1
DA:23,1
LF:23
LH:23
BRDA:8,0,0,8
BRDA:16,1,0,8
BRF:2
BRH:2
end_of_record
TN:
SF:src\interfaces\address\index.ts
FN:1,(empty-report)
FNF:1
FNH:0
FNDA:0,(empty-report)
DA:1,0
DA:2,0
DA:3,0
DA:4,0
DA:5,0
DA:6,0
DA:7,0
DA:8,0
DA:9,0
DA:10,0
DA:11,0
DA:12,0
DA:13,0
DA:14,0
DA:15,0
DA:16,0
DA:17,0
DA:18,0
DA:19,0
DA:20,0
DA:21,0
DA:22,0
DA:23,0
LF:23
LH:0
BRDA:1,0,0,0
BRF:1
BRH:0
end_of_record
TN:
SF:src\interfaces\cards\index.ts
FN:1,(empty-report)
FNF:1
FNH:0
FNDA:0,(empty-report)
DA:1,0
DA:2,0
DA:3,0
DA:4,0
DA:5,0
DA:6,0
DA:7,0
DA:8,0
DA:9,0
LF:9
LH:0
BRDA:1,0,0,0
BRF:1
BRH:0
end_of_record
TN:
SF:src\interfaces\plans\index.ts
FN:1,(empty-report)
FNF:1
FNH:0
FNDA:0,(empty-report)
DA:1,0
DA:2,0
DA:3,0
DA:4,0
DA:5,0
DA:6,0
DA:7,0
DA:8,0
LF:8
LH:0
BRDA:1,0,0,0
BRF:1
BRH:0
end_of_record
TN:
SF:src\interfaces\products\index.ts
FN:1,(empty-report)
FNF:1
FNH:0
FNDA:0,(empty-report)
DA:1,0
DA:2,0
DA:3,0
DA:4,0
DA:5,0
DA:6,0
DA:7,0
DA:8,0
DA:9,0
DA:10,0
DA:11,0
DA:12,0
DA:13,0
DA:14,0
DA:15,0
LF:15
LH:0
BRDA:1,0,0,0
BRF:1
BRH:0
end_of_record
TN:
SF:src\interfaces\session\index.ts
FN:1,(empty-report)
FNF:1
FNH:0
FNDA:0,(empty-report)
DA:1,0
DA:2,0
DA:3,0
DA:4,0
DA:5,0
DA:6,0
LF:6
LH:0
BRDA:1,0,0,0
BRF:1
BRH:0
end_of_record
TN:
SF:src\interfaces\users\index.ts
FN:1,(empty-report)
FNF:1
FNH:0
FNDA:0,(empty-report)
DA:1,0
DA:2,0
DA:3,0
DA:4,0
DA:5,0
DA:6,0
DA:7,0
DA:8,0
DA:9,0
DA:10,0
DA:11,0
DA:12,0
DA:13,0
DA:14,0
DA:15,0
DA:16,0
DA:17,0
DA:18,0
DA:19,0
DA:20,0
DA:21,0
DA:22,0
DA:23,0
DA:24,0
LF:24
LH:0
BRDA:1,0,0,0
BRF:1
BRH:0
end_of_record
TN:
SF:src\middlewares\authToken.middleware.ts
FN:5,authTokenMiddleware
FNF:1
FNH:1
FNDA:54,authTokenMiddleware
DA:1,1
DA:2,1
DA:3,1
DA:4,1
DA:5,1
DA:6,54
DA:7,54
DA:8,54
DA:9,54
DA:10,19
DA:11,19
DA:12,19
DA:13,35
DA:14,35
DA:15,35
DA:16,35
DA:17,35
DA:18,35
DA:19,35
DA:20,35
DA:21,35
DA:22,35
DA:23,1
DA:24,1
LF:24
LH:24
BRDA:5,0,0,54
BRDA:5,1,0,54
BRDA:9,2,0,46
BRDA:9,3,0,19
BRDA:13,4,0,35
BRDA:16,5,0,35
BRF:6
BRH:6
end_of_record
TN:
SF:src\middlewares\error.middleware.ts
FN:5,errorMiddleware
FNF:1
FNH:1
FNDA:15,errorMiddleware
DA:1,1
DA:2,1
DA:3,1
DA:4,1
DA:5,1
DA:6,15
DA:7,15
DA:8,0
DA:9,0
DA:10,0
DA:11,0
DA:12,0
DA:13,0
DA:14,0
DA:15,0
DA:16,0
DA:17,0
DA:18,0
DA:19,0
DA:20,0
DA:21,0
DA:22,0
DA:23,15
DA:24,15
DA:25,1
DA:26,1
LF:26
LH:11
BRDA:5,0,0,15
BRF:1
BRH:1
end_of_record
TN:
SF:src\middlewares\isActive.middleware.ts
FN:6,isActiveMiddleware
FNF:1
FNH:1
FNDA:2,isActiveMiddleware
DA:1,1
DA:2,1
DA:3,1
DA:4,1
DA:5,1
DA:6,1
DA:7,2
DA:8,2
DA:9,2
DA:10,2
DA:11,2
DA:12,2
DA:13,2
DA:14,2
DA:15,1
DA:16,1
DA:17,1
DA:18,1
DA:19,1
DA:20,1
DA:21,1
DA:22,1
LF:22
LH:22
BRDA:6,0,0,2
BRDA:6,1,0,2
BRDA:14,2,0,1
BRF:3
BRH:3
end_of_record
TN:
SF:src\middlewares\isBlocked.middleware.ts
FN:6,isBlockedMiddleware
FNF:1
FNH:1
FNDA:7,isBlockedMiddleware
DA:1,1
DA:2,1
DA:3,1
DA:4,1
DA:5,1
DA:6,1
DA:7,7
DA:8,7
DA:9,7
DA:10,7
DA:11,7
DA:12,7
DA:13,7
DA:14,7
DA:15,2
DA:16,2
DA:17,2
DA:18,5
DA:19,5
DA:20,5
DA:21,1
DA:22,1
LF:22
LH:22
BRDA:6,0,0,7
BRDA:6,1,0,7
BRDA:14,2,0,2
BRDA:18,3,0,5
BRF:4
BRH:4
end_of_record
TN:
SF:src\middlewares\isDisable.middleware.ts
FN:6,isDisableMiddleware
FNF:1
FNH:1
FNDA:11,isDisableMiddleware
DA:1,1
DA:2,1
DA:3,1
DA:4,1
DA:5,1
DA:6,1
DA:7,11
DA:8,11
DA:9,11
DA:10,11
DA:11,11
DA:12,11
DA:13,11
DA:14,11
DA:15,4
DA:16,4
DA:17,4
DA:18,7
DA:19,7
DA:20,7
DA:21,1
DA:22,1
LF:22
LH:22
BRDA:6,0,0,11
BRDA:6,1,0,11
BRDA:14,2,0,4
BRDA:18,3,0,7
BRF:4
BRH:4
end_of_record
TN:
SF:src\middlewares\isUnlock.middleware.ts
FN:6,isUnlockMiddleware
FNF:1
FNH:1
FNDA:2,isUnlockMiddleware
DA:1,1
DA:2,1
DA:3,1
DA:4,1
DA:5,1
DA:6,1
DA:7,2
DA:8,2
DA:9,2
DA:10,2
DA:11,2
DA:12,2
DA:13,2
DA:14,2
DA:15,1
DA:16,1
DA:17,1
DA:18,1
DA:19,1
DA:20,1
DA:21,1
DA:22,1
LF:22
LH:22
BRDA:6,0,0,2
BRDA:6,1,0,2
BRDA:14,2,0,1
BRF:3
BRH:3
end_of_record
TN:
SF:src\migrations\1667399189072-initialMigration.ts
FN:1,(empty-report)
FNF:1
FNH:0
FNDA:0,(empty-report)
DA:1,0
DA:2,0
DA:3,0
DA:4,0
DA:5,0
DA:6,0
DA:7,0
DA:8,0
DA:9,0
DA:10,0
DA:11,0
LF:11
LH:0
BRDA:1,0,0,0
BRF:1
BRH:0
end_of_record
TN:
SF:src\routes\index.ts
FN:10,app_routes
FNF:1
FNH:1
FNDA:15,app_routes
DA:1,1
DA:2,1
DA:3,1
DA:4,1
DA:5,1
DA:6,1
DA:7,1
DA:8,1
DA:9,1
DA:10,1
DA:11,15
DA:12,15
DA:13,15
DA:14,15
DA:15,15
DA:16,15
DA:17,15
DA:18,1
DA:19,1
LF:19
LH:19
BRDA:10,0,0,15
BRF:1
BRH:1
end_of_record
TN:
SF:src\routes\cards\cards.routes.ts
FN:15,cards_routes
FNF:1
FNH:1
FNDA:15,cards_routes
DA:1,1
DA:2,1
DA:3,1
DA:4,1
DA:5,1
DA:6,1
DA:7,1
DA:8,1
DA:9,1
DA:10,1
DA:11,1
DA:12,1
DA:13,1
DA:14,1
DA:15,1
DA:16,15
DA:17,15
DA:18,15
DA:19,15
DA:20,15
DA:21,15
DA:22,15
DA:23,15
DA:24,1
DA:25,1
LF:25
LH:25
BRDA:15,0,0,15
BRF:1
BRH:1
end_of_record
TN:
SF:src\routes\plans\plans.routes.ts
FN:10,plans_routes
FNF:1
FNH:1
FNDA:15,plans_routes
DA:1,1
DA:2,1
DA:3,1
DA:4,1
DA:5,1
DA:6,1
DA:7,1
DA:8,1
DA:9,1
DA:10,1
DA:11,15
DA:12,15
DA:13,15
DA:14,15
DA:15,15
DA:16,1
DA:17,1
LF:17
LH:17
BRDA:10,0,0,15
BRF:1
BRH:1
end_of_record
TN:
SF:src\routes\products\products.routes.ts
FN:12,products_routes
FNF:1
FNH:1
FNDA:15,products_routes
DA:1,1
DA:2,1
DA:3,1
DA:4,1
DA:5,1
DA:6,1
DA:7,1
DA:8,1
DA:9,1
DA:10,1
DA:11,1
DA:12,1
DA:13,15
DA:14,15
DA:15,15
DA:16,15
DA:17,15
DA:18,15
DA:19,15
DA:20,1
DA:21,1
LF:21
LH:21
BRDA:12,0,0,15
BRF:1
BRH:1
end_of_record
TN:
SF:src\routes\session\session.routes.ts
FN:8,session_routes
FNF:1
FNH:1
FNDA:15,session_routes
DA:1,1
DA:2,1
DA:3,1
DA:4,1
DA:5,1
DA:6,1
DA:7,1
DA:8,1
DA:9,15
DA:10,15
DA:11,15
DA:12,15
DA:13,15
DA:14,1
DA:15,1
LF:15
LH:15
BRDA:8,0,0,15
BRF:1
BRH:1
end_of_record
TN:
SF:src\routes\users\users.routes.ts
FN:17,user_routes
FNF:1
FNH:1
FNDA:15,user_routes
DA:1,1
DA:2,1
DA:3,1
DA:4,1
DA:5,1
DA:6,1
DA:7,1
DA:8,1
DA:9,1
DA:10,1
DA:11,1
DA:12,1
DA:13,1
DA:14,1
DA:15,1
DA:16,1
DA:17,1
DA:18,15
DA:19,15
DA:20,15
DA:21,15
DA:22,15
DA:23,15
DA:24,15
DA:25,15
DA:26,15
DA:27,15
DA:28,1
DA:29,1
LF:29
LH:29
BRDA:17,0,0,15
BRF:1
BRH:1
end_of_record
TN:
SF:src\services\cards\blockedCard.service.ts
FN:5,blockedCardService
FNF:1
FNH:1
FNDA:5,blockedCardService
DA:1,1
DA:2,1
DA:3,1
DA:4,1
DA:5,1
DA:6,5
DA:7,5
DA:8,5
DA:9,5
DA:10,5
DA:11,1
DA:12,1
LF:12
LH:12
BRDA:5,0,0,5
BRDA:5,1,0,5
BRF:2
BRH:2
end_of_record
TN:
SF:src\services\cards\createCard.service.ts
FN:6,createCardService
FNF:1
FNH:1
FNDA:11,createCardService
DA:1,1
DA:2,1
DA:3,1
DA:4,1
DA:5,1
DA:6,1
DA:7,11
DA:8,11
DA:9,11
DA:10,11
DA:11,11
DA:12,11
DA:13,11
DA:14,11
DA:15,11
DA:16,11
DA:17,11
DA:18,11
DA:19,11
DA:20,11
DA:21,11
DA:22,1
DA:23,1
LF:23
LH:23
BRDA:6,0,0,11
BRDA:6,1,0,11
BRF:2
BRH:2
end_of_record
TN:
SF:src\services\cards\unlockCard.service.ts
FN:5,unlockCardService
FNF:1
FNH:1
FNDA:2,unlockCardService
DA:1,1
DA:2,1
DA:3,1
DA:4,1
DA:5,1
DA:6,2
DA:7,2
DA:8,2
DA:9,2
DA:10,2
DA:11,2
DA:12,2
DA:13,1
DA:14,1
LF:14
LH:14
BRDA:5,0,0,2
BRDA:5,1,0,2
BRF:2
BRH:2
end_of_record
TN:
SF:src\services\cards\viewCard.service.ts
FN:5,viewCardService
FNF:1
FNH:1
FNDA:2,viewCardService
DA:1,1
DA:2,1
DA:3,1
DA:4,1
DA:5,1
DA:6,2
DA:7,2
DA:8,2
DA:9,2
DA:10,2
DA:11,2
DA:12,2
DA:13,1
DA:14,1
LF:14
LH:14
BRDA:5,0,0,2
BRDA:5,1,0,2
BRF:2
BRH:2
end_of_record
TN:
SF:src\services\plans\createPlan.service.ts
FN:6,createPlanService
FNF:1
FNH:1
FNDA:2,createPlanService
DA:1,1
DA:2,1
DA:3,1
DA:4,1
DA:5,1
DA:6,1
DA:7,2
DA:8,2
DA:9,2
DA:10,2
DA:11,2
DA:12,2
DA:13,2
DA:14,2
DA:15,2
DA:16,2
DA:17,2
DA:18,2
DA:19,2
DA:20,2
DA:21,1
DA:22,1
LF:22
LH:22
BRDA:6,0,0,2
BRDA:6,1,0,2
BRF:2
BRH:2
end_of_record
TN:
SF:src\services\products\createProduct.service.ts
FN:6,createProductService
FNF:1
FNH:1
FNDA:6,createProductService
DA:1,1
DA:2,1
DA:3,1
DA:4,1
DA:5,1
DA:6,1
DA:7,6
DA:8,6
DA:9,6
DA:10,6
DA:11,6
DA:12,6
DA:13,6
DA:14,6
DA:15,6
DA:16,6
DA:17,6
DA:18,6
DA:19,6
DA:20,6
DA:21,1
DA:22,1
LF:22
LH:22
BRDA:6,0,0,6
BRDA:6,1,0,6
BRF:2
BRH:2
end_of_record
TN:
SF:src\services\products\deleteProduct.service.ts
FN:5,deleteProductService
FNF:1
FNH:1
FNDA:2,deleteProductService
DA:1,1
DA:2,1
DA:3,1
DA:4,1
DA:5,1
DA:6,2
DA:7,2
DA:8,2
DA:9,2
DA:10,2
DA:11,2
DA:12,2
DA:13,1
DA:14,1
LF:14
LH:14
BRDA:5,0,0,2
BRDA:5,1,0,2
BRF:2
BRH:2
end_of_record
TN:
SF:src\services\products\updateProduct.service.ts
FN:6,updateProductService
FNF:1
FNH:1
FNDA:2,updateProductService
DA:1,1
DA:2,1
DA:3,1
DA:4,1
DA:5,1
DA:6,1
DA:7,2
DA:8,2
DA:9,2
DA:10,2
DA:11,2
DA:12,2
DA:13,2
DA:14,2
DA:15,2
DA:16,2
DA:17,2
DA:18,2
DA:19,2
DA:20,2
DA:21,2
DA:22,2
DA:23,1
DA:24,1
LF:24
LH:24
BRDA:6,0,0,2
BRDA:6,1,0,2
BRDA:13,2,0,0
BRDA:14,3,0,0
BRDA:15,4,0,0
BRDA:16,5,0,0
BRF:6
BRH:2
end_of_record
TN:
SF:src\services\session\createSession.service.ts
FN:9,createSessionService
FNF:1
FNH:1
FNDA:23,createSessionService
DA:1,1
DA:2,1
DA:3,1
DA:4,1
DA:5,1
DA:6,1
DA:7,1
DA:8,1
DA:9,1
DA:10,23
DA:11,23
DA:12,23
DA:13,23
DA:14,23
DA:15,23
DA:16,23
DA:17,23
DA:18,1
DA:19,1
DA:20,1
DA:21,22
DA:22,22
DA:23,22
DA:24,22
DA:25,22
DA:26,1
DA:27,1
LF:27
LH:27
BRDA:9,0,0,23
BRDA:9,1,0,23
BRDA:17,2,0,22
BRDA:17,3,0,1
BRF:4
BRH:4
end_of_record
TN:
SF:src\services\users\activeUser.service.ts
FN:5,activeUserService
FNF:1
FNH:1
FNDA:2,activeUserService
DA:1,1
DA:2,1
DA:3,1
DA:4,1
DA:5,1
DA:6,2
DA:7,2
DA:8,2
DA:9,2
DA:10,2
DA:11,2
DA:12,2
DA:13,1
DA:14,1
LF:14
LH:14
BRDA:5,0,0,2
BRDA:5,1,0,2
BRF:2
BRH:2
end_of_record
TN:
SF:src\services\users\createUser.service.ts
FN:9,createUserService
FNF:1
FNH:1
FNDA:30,createUserService
DA:1,1
DA:2,1
DA:3,1
DA:4,1
DA:5,1
DA:6,1
DA:7,1
DA:8,1
DA:9,1
DA:10,30
DA:11,30
DA:12,30
DA:13,30
DA:14,30
DA:15,30
DA:16,6
DA:17,6
DA:18,6
DA:19,24
DA:20,30
DA:21,1
DA:22,1
DA:23,1
DA:24,23
DA:25,23
DA:26,23
DA:27,23
DA:28,23
DA:29,23
DA:30,23
DA:31,23
DA:32,23
DA:33,23
DA:34,23
DA:35,23
DA:36,23
DA:37,23
DA:38,23
DA:39,23
DA:40,23
DA:41,23
DA:42,23
DA:43,23
DA:44,1
DA:45,1
LF:45
LH:45
BRDA:9,0,0,30
BRDA:9,1,0,30
BRDA:15,2,0,6
BRDA:19,3,0,24
BRDA:20,4,0,28
BRDA:20,5,0,1
BRDA:24,6,0,23
BRF:7
BRH:7
end_of_record
TN:
SF:src\services\users\disableUser.service.ts
FN:5,disableUserService
FNF:1
FNH:1
FNDA:5,disableUserService
DA:1,1
DA:2,1
DA:3,1
DA:4,1
DA:5,1
DA:6,5
DA:7,5
DA:8,5
DA:9,5
DA:10,5
DA:11,1
DA:12,1
LF:12
LH:12
BRDA:5,0,0,5
BRDA:5,1,0,5
BRF:2
BRH:2
end_of_record
TN:
SF:src\services\users\listUsers.service.ts
FN:5,listUsersService
FNF:1
FNH:1
FNDA:2,listUsersService
DA:1,1
DA:2,1
DA:3,1
DA:4,1
DA:5,1
DA:6,2
DA:7,2
DA:8,2
DA:9,2
DA:10,2
DA:11,2
DA:12,2
DA:13,1
DA:14,1
LF:14
LH:14
BRDA:5,0,0,2
BRDA:5,1,0,2
BRF:2
BRH:2
end_of_record
TN:
SF:src\services\users\updateUser.service.ts
FN:7,updateUserService
FNF:1
FNH:1
FNDA:2,updateUserService
DA:1,1
DA:2,1
DA:3,1
DA:4,1
DA:5,1
DA:6,1
DA:7,1
DA:8,2
DA:9,2
DA:10,2
DA:11,2
DA:12,2
DA:13,2
DA:14,2
DA:15,2
DA:16,2
DA:17,2
DA:18,2
DA:19,2
DA:20,2
DA:21,2
DA:22,2
DA:23,2
DA:24,2
DA:25,1
DA:26,1
LF:26
LH:26
BRDA:7,0,0,2
BRDA:7,1,0,2
BRDA:14,2,0,0
BRDA:15,3,0,0
BRDA:16,4,0,0
BRDA:17,5,0,0
BRDA:18,6,0,0
BRF:7
BRH:2
end_of_record
TN:
SF:src\services\users\viewUser.service.ts
FN:5,viewUserService
FNF:1
FNH:1
FNDA:2,viewUserService
DA:1,1
DA:2,1
DA:3,1
DA:4,1
DA:5,1
DA:6,2
DA:7,2
DA:8,2
DA:9,2
DA:10,2
DA:11,2
DA:12,2
DA:13,1
DA:14,1
LF:14
LH:14
BRDA:5,0,0,2
BRDA:5,1,0,2
BRF:2
BRH:2
end_of_record
